<?xml version="1.0" encoding="UTF-8"?>
<!-- Generated by org.testng.reporters.JUnitXMLReporter -->
<testsuite ignored="0" hostname="DESKTOP-U6AJNHL" failures="0" tests="4" name="FirefoxTest" time="140.323" errors="0" timestamp="2022-09-29T08:02:13 GMT-07:00">
  <testcase classname="linkedinn.Testmynetwork" name="verifyConnectionPage" time="7.926"/>
  <testcase classname="linkedinn.Testmynetwork" name="verifyContactPage" time="8.735"/>
  <testcase classname="linkedinn.Testng2" name="verifyclickOnEvents" time="6.257"/>
  <testcase classname="linkedinn.Testng2" name="verifyclickOnGroups" time="6.254"/>
</testsuite> <!-- FirefoxTest -->
