<?xml version="1.0" encoding="UTF-8"?>
<testng-results ignored="0" total="8" passed="7" failed="1" skipped="0">
  <reporter-output>
  </reporter-output>
  <suite started-at="2022-09-29T07:59:52 GMT-07:00" name="Suite" finished-at="2022-09-29T08:02:13 GMT-07:00" duration-ms="140323">
    <groups>
    </groups>
    <test started-at="2022-09-29T07:59:52 GMT-07:00" name="ChromeTest" finished-at="2022-09-29T08:01:57 GMT-07:00" duration-ms="124085">
      <class name="linkedinn.Testng2">
        <test-method is-config="true" signature="openBroswer(java.lang.String)[pri:0, instance:linkedinn.Testng2@ffaa6af]" started-at="2022-09-29T07:59:55 GMT-07:00" name="openBroswer" finished-at="2022-09-29T07:59:57 GMT-07:00" duration-ms="1998" status="PASS">
          <params>
            <param index="0">
              <value>
                <![CDATA[Chrome]]>
              </value>
            </param>
          </params>
          <reporter-output>
          </reporter-output>
        </test-method> <!-- openBroswer -->
        <test-method is-config="true" signature="createPOMObjects()[pri:0, instance:linkedinn.Testng2@ffaa6af]" started-at="2022-09-29T08:01:01 GMT-07:00" name="createPOMObjects" finished-at="2022-09-29T08:01:01 GMT-07:00" duration-ms="1" status="PASS">
          <reporter-output>
          </reporter-output>
        </test-method> <!-- createPOMObjects -->
        <test-method is-config="true" signature="clickOnHomePage()[pri:0, instance:linkedinn.Testng2@ffaa6af]" started-at="2022-09-29T08:01:01 GMT-07:00" name="clickOnHomePage" finished-at="2022-09-29T08:01:16 GMT-07:00" duration-ms="14557" status="PASS">
          <reporter-output>
          </reporter-output>
        </test-method> <!-- clickOnHomePage -->
        <test-method signature="verifyclickOnEvents()[pri:0, instance:linkedinn.Testng2@ffaa6af]" started-at="2022-09-29T08:01:16 GMT-07:00" name="verifyclickOnEvents" finished-at="2022-09-29T08:01:25 GMT-07:00" duration-ms="9222" status="PASS">
          <reporter-output>
          </reporter-output>
        </test-method> <!-- verifyclickOnEvents -->
        <test-method is-config="true" signature="logOut()[pri:0, instance:linkedinn.Testng2@ffaa6af]" started-at="2022-09-29T08:01:25 GMT-07:00" name="logOut" finished-at="2022-09-29T08:01:34 GMT-07:00" duration-ms="9250" status="PASS">
          <reporter-output>
          </reporter-output>
        </test-method> <!-- logOut -->
        <test-method is-config="true" signature="clickOnHomePage()[pri:0, instance:linkedinn.Testng2@ffaa6af]" started-at="2022-09-29T08:01:34 GMT-07:00" name="clickOnHomePage" finished-at="2022-09-29T08:01:41 GMT-07:00" duration-ms="7269" status="PASS">
          <reporter-output>
          </reporter-output>
        </test-method> <!-- clickOnHomePage -->
        <test-method signature="verifyclickOnGroups()[pri:1, instance:linkedinn.Testng2@ffaa6af]" started-at="2022-09-29T08:01:41 GMT-07:00" name="verifyclickOnGroups" finished-at="2022-09-29T08:01:47 GMT-07:00" duration-ms="6112" status="PASS">
          <reporter-output>
          </reporter-output>
        </test-method> <!-- verifyclickOnGroups -->
        <test-method is-config="true" signature="logOut()[pri:0, instance:linkedinn.Testng2@ffaa6af]" started-at="2022-09-29T08:01:47 GMT-07:00" name="logOut" finished-at="2022-09-29T08:01:57 GMT-07:00" duration-ms="9160" status="PASS">
          <reporter-output>
          </reporter-output>
        </test-method> <!-- logOut -->
        <test-method is-config="true" signature="Nullobj()[pri:0, instance:linkedinn.Testng2@ffaa6af]" started-at="2022-09-29T08:01:57 GMT-07:00" name="Nullobj" finished-at="2022-09-29T08:01:57 GMT-07:00" duration-ms="0" status="PASS">
          <reporter-output>
          </reporter-output>
        </test-method> <!-- Nullobj -->
        <test-method is-config="true" signature="closeBrowser()[pri:0, instance:linkedinn.Testng2@ffaa6af]" started-at="2022-09-29T08:01:57 GMT-07:00" name="closeBrowser" finished-at="1969-12-31T16:00:00 GMT-08:00" duration-ms="-1664463717024" status="SKIP">
          <reporter-output>
          </reporter-output>
        </test-method> <!-- closeBrowser -->
      </class> <!-- linkedinn.Testng2 -->
      <class name="linkedinn.Testmynetwork">
        <test-method is-config="true" signature="openBroswer(java.lang.String)[pri:0, instance:linkedinn.Testmynetwork@2805d709]" started-at="2022-09-29T07:59:52 GMT-07:00" name="openBroswer" finished-at="2022-09-29T07:59:55 GMT-07:00" duration-ms="2225" status="PASS">
          <params>
            <param index="0">
              <value>
                <![CDATA[Chrome]]>
              </value>
            </param>
          </params>
          <reporter-output>
          </reporter-output>
        </test-method> <!-- openBroswer -->
        <test-method is-config="true" signature="createPOMObjects()[pri:0, instance:linkedinn.Testmynetwork@2805d709]" started-at="2022-09-29T07:59:57 GMT-07:00" name="createPOMObjects" finished-at="2022-09-29T07:59:57 GMT-07:00" duration-ms="67" status="PASS">
          <reporter-output>
          </reporter-output>
        </test-method> <!-- createPOMObjects -->
        <test-method is-config="true" signature="clickOnHomePage()[pri:0, instance:linkedinn.Testmynetwork@2805d709]" started-at="2022-09-29T07:59:57 GMT-07:00" name="clickOnHomePage" finished-at="2022-09-29T08:00:12 GMT-07:00" duration-ms="15170" status="PASS">
          <reporter-output>
          </reporter-output>
        </test-method> <!-- clickOnHomePage -->
        <test-method signature="verifyConnectionPage()[pri:0, instance:linkedinn.Testmynetwork@2805d709]" started-at="2022-09-29T08:00:12 GMT-07:00" name="verifyConnectionPage" finished-at="2022-09-29T08:00:20 GMT-07:00" duration-ms="8517" status="PASS">
          <reporter-output>
          </reporter-output>
        </test-method> <!-- verifyConnectionPage -->
        <test-method is-config="true" signature="logOut()[pri:0, instance:linkedinn.Testmynetwork@2805d709]" started-at="2022-09-29T08:00:20 GMT-07:00" name="logOut" finished-at="2022-09-29T08:00:30 GMT-07:00" duration-ms="9193" status="PASS">
          <reporter-output>
          </reporter-output>
        </test-method> <!-- logOut -->
        <test-method is-config="true" signature="clickOnHomePage()[pri:0, instance:linkedinn.Testmynetwork@2805d709]" started-at="2022-09-29T08:00:30 GMT-07:00" name="clickOnHomePage" finished-at="2022-09-29T08:00:37 GMT-07:00" duration-ms="7630" status="PASS">
          <reporter-output>
          </reporter-output>
        </test-method> <!-- clickOnHomePage -->
        <test-method signature="verifyContactPage()[pri:0, instance:linkedinn.Testmynetwork@2805d709]" started-at="2022-09-29T08:00:37 GMT-07:00" name="verifyContactPage" finished-at="2022-09-29T08:00:48 GMT-07:00" duration-ms="10500" status="FAIL">
          <exception class="java.lang.AssertionError">
            <message>
              <![CDATA[expected [https://www.linkedin.com/mynetwork/import-contacts/saved-contacts/] but found [https://www.linkedin.com/mynetwork/]]]>
            </message>
            <full-stacktrace>
              <![CDATA[java.lang.AssertionError: expected [https://www.linkedin.com/mynetwork/import-contacts/saved-contacts/] but found [https://www.linkedin.com/mynetwork/]
at org.testng.Assert.fail(Assert.java:99)
at org.testng.Assert.failNotEquals(Assert.java:1037)
at org.testng.Assert.assertEqualsImpl(Assert.java:140)
at org.testng.Assert.assertEquals(Assert.java:122)
at org.testng.Assert.assertEquals(Assert.java:629)
at org.testng.Assert.assertEquals(Assert.java:639)
at linkedinn.Testmynetwork.verifyContactPage(Testmynetwork.java:92)
at java.base/jdk.internal.reflect.NativeMethodAccessorImpl.invoke0(Native Method)
at java.base/jdk.internal.reflect.NativeMethodAccessorImpl.invoke(NativeMethodAccessorImpl.java:77)
at java.base/jdk.internal.reflect.DelegatingMethodAccessorImpl.invoke(DelegatingMethodAccessorImpl.java:43)
at java.base/java.lang.reflect.Method.invoke(Method.java:568)
at org.testng.internal.MethodInvocationHelper.invokeMethod(MethodInvocationHelper.java:133)
at org.testng.internal.TestInvoker.invokeMethod(TestInvoker.java:598)
at org.testng.internal.TestInvoker.invokeTestMethod(TestInvoker.java:173)
at org.testng.internal.MethodRunner.runInSequence(MethodRunner.java:46)
at org.testng.internal.TestInvoker$MethodInvocationAgent.invoke(TestInvoker.java:824)
at org.testng.internal.TestInvoker.invokeTestMethods(TestInvoker.java:146)
at org.testng.internal.TestMethodWorker.invokeTestMethods(TestMethodWorker.java:146)
at org.testng.internal.TestMethodWorker.run(TestMethodWorker.java:128)
at java.base/java.util.ArrayList.forEach(ArrayList.java:1511)
at org.testng.TestRunner.privateRun(TestRunner.java:794)
at org.testng.TestRunner.run(TestRunner.java:596)
at org.testng.SuiteRunner.runTest(SuiteRunner.java:377)
at org.testng.SuiteRunner.access$000(SuiteRunner.java:28)
at org.testng.SuiteRunner$SuiteWorker.run(SuiteRunner.java:418)
at org.testng.internal.thread.ThreadUtil.lambda$execute$0(ThreadUtil.java:64)
at java.base/java.util.concurrent.FutureTask.run(FutureTask.java:264)
at java.base/java.util.concurrent.ThreadPoolExecutor.runWorker(ThreadPoolExecutor.java:1136)
at java.base/java.util.concurrent.ThreadPoolExecutor$Worker.run(ThreadPoolExecutor.java:635)
at java.base/java.lang.Thread.run(Thread.java:833)
]]>
            </full-stacktrace>
          </exception> <!-- java.lang.AssertionError -->
          <reporter-output>
          </reporter-output>
        </test-method> <!-- verifyContactPage -->
        <test-method is-config="true" signature="logOut()[pri:0, instance:linkedinn.Testmynetwork@2805d709]" started-at="2022-09-29T08:00:48 GMT-07:00" name="logOut" finished-at="2022-09-29T08:01:01 GMT-07:00" duration-ms="13135" status="FAIL">
          <exception class="org.openqa.selenium.NoSuchElementException">
            <message>
              <![CDATA[no such element: Unable to locate element: {"method":"link text","selector":"Sign Out"}
  (Session info: chrome=105.0.5195.127)
For documentation on this error, please visit: https://www.seleniumhq.org/exceptions/no_such_element.html
Build info: version: '3.141.59', revision: 'e82be7d358', time: '2018-11-14T08:17:03'
System info: host: 'DESKTOP-U6AJNHL', ip: '192.168.51.170', os.name: 'Windows 10', os.arch: 'amd64', os.version: '10.0', java.version: '17.0.4'
Driver info: org.openqa.selenium.chrome.ChromeDriver
Capabilities {acceptInsecureCerts: false, browserName: chrome, browserVersion: 105.0.5195.127, chrome: {chromedriverVersion: 105.0.5195.52 (412c95e51883..., userDataDir: C:\Users\ACER\AppData\Local...}, goog:chromeOptions: {debuggerAddress: localhost:58269}, javascriptEnabled: true, networkConnectionEnabled: false, pageLoadStrategy: normal, platform: WINDOWS, platformName: WINDOWS, proxy: Proxy(), setWindowRect: true, strictFileInteractability: false, timeouts: {implicit: 0, pageLoad: 300000, script: 30000}, unhandledPromptBehavior: dismiss and notify, webauthn:extension:credBlob: true, webauthn:extension:largeBlob: true, webauthn:virtualAuthenticators: true}
Session ID: 2c99e04fff4c57e72cb65c5467bf7c72
*** Element info: {Using=link text, value=Sign Out}]]>
            </message>
            <full-stacktrace>
              <![CDATA[org.openqa.selenium.NoSuchElementException: no such element: Unable to locate element: {"method":"link text","selector":"Sign Out"}
  (Session info: chrome=105.0.5195.127)
For documentation on this error, please visit: https://www.seleniumhq.org/exceptions/no_such_element.html
Build info: version: '3.141.59', revision: 'e82be7d358', time: '2018-11-14T08:17:03'
System info: host: 'DESKTOP-U6AJNHL', ip: '192.168.51.170', os.name: 'Windows 10', os.arch: 'amd64', os.version: '10.0', java.version: '17.0.4'
Driver info: org.openqa.selenium.chrome.ChromeDriver
Capabilities {acceptInsecureCerts: false, browserName: chrome, browserVersion: 105.0.5195.127, chrome: {chromedriverVersion: 105.0.5195.52 (412c95e51883..., userDataDir: C:\Users\ACER\AppData\Local...}, goog:chromeOptions: {debuggerAddress: localhost:58269}, javascriptEnabled: true, networkConnectionEnabled: false, pageLoadStrategy: normal, platform: WINDOWS, platformName: WINDOWS, proxy: Proxy(), setWindowRect: true, strictFileInteractability: false, timeouts: {implicit: 0, pageLoad: 300000, script: 30000}, unhandledPromptBehavior: dismiss and notify, webauthn:extension:credBlob: true, webauthn:extension:largeBlob: true, webauthn:virtualAuthenticators: true}
Session ID: 2c99e04fff4c57e72cb65c5467bf7c72
*** Element info: {Using=link text, value=Sign Out}
at java.base/jdk.internal.reflect.NativeConstructorAccessorImpl.newInstance0(Native Method)
at java.base/jdk.internal.reflect.NativeConstructorAccessorImpl.newInstance(NativeConstructorAccessorImpl.java:77)
at java.base/jdk.internal.reflect.DelegatingConstructorAccessorImpl.newInstance(DelegatingConstructorAccessorImpl.java:45)
at java.base/java.lang.reflect.Constructor.newInstanceWithCaller(Constructor.java:499)
at java.base/java.lang.reflect.Constructor.newInstance(Constructor.java:480)
at org.openqa.selenium.remote.http.W3CHttpResponseCodec.createException(W3CHttpResponseCodec.java:187)
at org.openqa.selenium.remote.http.W3CHttpResponseCodec.decode(W3CHttpResponseCodec.java:122)
at org.openqa.selenium.remote.http.W3CHttpResponseCodec.decode(W3CHttpResponseCodec.java:49)
at org.openqa.selenium.remote.HttpCommandExecutor.execute(HttpCommandExecutor.java:158)
at org.openqa.selenium.remote.service.DriverCommandExecutor.execute(DriverCommandExecutor.java:83)
at org.openqa.selenium.remote.RemoteWebDriver.execute(RemoteWebDriver.java:552)
at org.openqa.selenium.remote.RemoteWebDriver.findElement(RemoteWebDriver.java:323)
at org.openqa.selenium.remote.RemoteWebDriver.findElementByLinkText(RemoteWebDriver.java:380)
at org.openqa.selenium.By$ByLinkText.findElement(By.java:220)
at org.openqa.selenium.remote.RemoteWebDriver.findElement(RemoteWebDriver.java:315)
at org.openqa.selenium.support.pagefactory.DefaultElementLocator.findElement(DefaultElementLocator.java:69)
at org.openqa.selenium.support.pagefactory.internal.LocatingElementHandler.invoke(LocatingElementHandler.java:38)
at jdk.proxy2/jdk.proxy2.$Proxy17.click(Unknown Source)
at Pages.LogoutPage.logOutApp(LogoutPage.java:26)
at linkedinn.Testmynetwork.logOut(Testmynetwork.java:99)
at java.base/jdk.internal.reflect.NativeMethodAccessorImpl.invoke0(Native Method)
at java.base/jdk.internal.reflect.NativeMethodAccessorImpl.invoke(NativeMethodAccessorImpl.java:77)
at java.base/jdk.internal.reflect.DelegatingMethodAccessorImpl.invoke(DelegatingMethodAccessorImpl.java:43)
at java.base/java.lang.reflect.Method.invoke(Method.java:568)
at org.testng.internal.MethodInvocationHelper.invokeMethod(MethodInvocationHelper.java:133)
at org.testng.internal.MethodInvocationHelper.invokeMethodConsideringTimeout(MethodInvocationHelper.java:62)
at org.testng.internal.ConfigInvoker.invokeConfigurationMethod(ConfigInvoker.java:385)
at org.testng.internal.ConfigInvoker.invokeConfigurations(ConfigInvoker.java:321)
at org.testng.internal.TestInvoker.runConfigMethods(TestInvoker.java:700)
at org.testng.internal.TestInvoker.runAfterGroupsConfigurations(TestInvoker.java:676)
at org.testng.internal.TestInvoker.invokeMethod(TestInvoker.java:660)
at org.testng.internal.TestInvoker.invokeTestMethod(TestInvoker.java:173)
at org.testng.internal.MethodRunner.runInSequence(MethodRunner.java:46)
at org.testng.internal.TestInvoker$MethodInvocationAgent.invoke(TestInvoker.java:824)
at org.testng.internal.TestInvoker.invokeTestMethods(TestInvoker.java:146)
at org.testng.internal.TestMethodWorker.invokeTestMethods(TestMethodWorker.java:146)
at org.testng.internal.TestMethodWorker.run(TestMethodWorker.java:128)
at java.base/java.util.ArrayList.forEach(ArrayList.java:1511)
at org.testng.TestRunner.privateRun(TestRunner.java:794)
at org.testng.TestRunner.run(TestRunner.java:596)
at org.testng.SuiteRunner.runTest(SuiteRunner.java:377)
at org.testng.SuiteRunner.access$000(SuiteRunner.java:28)
at org.testng.SuiteRunner$SuiteWorker.run(SuiteRunner.java:418)
at org.testng.internal.thread.ThreadUtil.lambda$execute$0(ThreadUtil.java:64)
at java.base/java.util.concurrent.FutureTask.run(FutureTask.java:264)
at java.base/java.util.concurrent.ThreadPoolExecutor.runWorker(ThreadPoolExecutor.java:1136)
at java.base/java.util.concurrent.ThreadPoolExecutor$Worker.run(ThreadPoolExecutor.java:635)
at java.base/java.lang.Thread.run(Thread.java:833)
]]>
            </full-stacktrace>
          </exception> <!-- org.openqa.selenium.NoSuchElementException -->
          <reporter-output>
          </reporter-output>
        </test-method> <!-- logOut -->
        <test-method is-config="true" signature="Nullobj()[pri:0, instance:linkedinn.Testmynetwork@2805d709]" started-at="2022-09-29T08:01:01 GMT-07:00" name="Nullobj" finished-at="1969-12-31T16:00:00 GMT-08:00" duration-ms="-1664463661443" status="SKIP">
          <reporter-output>
          </reporter-output>
        </test-method> <!-- Nullobj -->
        <test-method is-config="true" signature="closeBrowser()[pri:0, instance:linkedinn.Testmynetwork@2805d709]" started-at="2022-09-29T08:01:57 GMT-07:00" name="closeBrowser" finished-at="1969-12-31T16:00:00 GMT-08:00" duration-ms="-1664463717021" status="SKIP">
          <reporter-output>
          </reporter-output>
        </test-method> <!-- closeBrowser -->
      </class> <!-- linkedinn.Testmynetwork -->
    </test> <!-- ChromeTest -->
    <test started-at="2022-09-29T07:59:52 GMT-07:00" name="FirefoxTest" finished-at="2022-09-29T08:02:13 GMT-07:00" duration-ms="140323">
      <class name="linkedinn.Testng2">
        <test-method is-config="true" signature="openBroswer(java.lang.String)[pri:0, instance:linkedinn.Testng2@5d534f5d]" started-at="2022-09-29T08:00:08 GMT-07:00" name="openBroswer" finished-at="2022-09-29T08:00:14 GMT-07:00" duration-ms="5717" status="PASS">
          <params>
            <param index="0">
              <value>
                <![CDATA[Firefox]]>
              </value>
            </param>
          </params>
          <reporter-output>
          </reporter-output>
        </test-method> <!-- openBroswer -->
        <test-method is-config="true" signature="createPOMObjects()[pri:0, instance:linkedinn.Testng2@5d534f5d]" started-at="2022-09-29T08:01:10 GMT-07:00" name="createPOMObjects" finished-at="2022-09-29T08:01:10 GMT-07:00" duration-ms="1" status="PASS">
          <reporter-output>
          </reporter-output>
        </test-method> <!-- createPOMObjects -->
        <test-method is-config="true" signature="clickOnHomePage()[pri:0, instance:linkedinn.Testng2@5d534f5d]" started-at="2022-09-29T08:01:10 GMT-07:00" name="clickOnHomePage" finished-at="2022-09-29T08:01:30 GMT-07:00" duration-ms="20229" status="PASS">
          <reporter-output>
          </reporter-output>
        </test-method> <!-- clickOnHomePage -->
        <test-method signature="verifyclickOnEvents()[pri:0, instance:linkedinn.Testng2@5d534f5d]" started-at="2022-09-29T08:01:30 GMT-07:00" name="verifyclickOnEvents" finished-at="2022-09-29T08:01:37 GMT-07:00" duration-ms="6257" status="PASS">
          <reporter-output>
          </reporter-output>
        </test-method> <!-- verifyclickOnEvents -->
        <test-method is-config="true" signature="logOut()[pri:0, instance:linkedinn.Testng2@5d534f5d]" started-at="2022-09-29T08:01:37 GMT-07:00" name="logOut" finished-at="2022-09-29T08:01:46 GMT-07:00" duration-ms="9622" status="PASS">
          <reporter-output>
          </reporter-output>
        </test-method> <!-- logOut -->
        <test-method is-config="true" signature="clickOnHomePage()[pri:0, instance:linkedinn.Testng2@5d534f5d]" started-at="2022-09-29T08:01:46 GMT-07:00" name="clickOnHomePage" finished-at="2022-09-29T08:01:54 GMT-07:00" duration-ms="8267" status="PASS">
          <reporter-output>
          </reporter-output>
        </test-method> <!-- clickOnHomePage -->
        <test-method signature="verifyclickOnGroups()[pri:1, instance:linkedinn.Testng2@5d534f5d]" started-at="2022-09-29T08:01:54 GMT-07:00" name="verifyclickOnGroups" finished-at="2022-09-29T08:02:01 GMT-07:00" duration-ms="6254" status="PASS">
          <reporter-output>
          </reporter-output>
        </test-method> <!-- verifyclickOnGroups -->
        <test-method is-config="true" signature="logOut()[pri:0, instance:linkedinn.Testng2@5d534f5d]" started-at="2022-09-29T08:02:01 GMT-07:00" name="logOut" finished-at="2022-09-29T08:02:10 GMT-07:00" duration-ms="9573" status="PASS">
          <reporter-output>
          </reporter-output>
        </test-method> <!-- logOut -->
        <test-method is-config="true" signature="Nullobj()[pri:0, instance:linkedinn.Testng2@5d534f5d]" started-at="2022-09-29T08:02:10 GMT-07:00" name="Nullobj" finished-at="2022-09-29T08:02:10 GMT-07:00" duration-ms="0" status="PASS">
          <reporter-output>
          </reporter-output>
        </test-method> <!-- Nullobj -->
        <test-method is-config="true" signature="closeBrowser()[pri:0, instance:linkedinn.Testng2@5d534f5d]" started-at="2022-09-29T08:02:11 GMT-07:00" name="closeBrowser" finished-at="2022-09-29T08:02:13 GMT-07:00" duration-ms="1507" status="PASS">
          <reporter-output>
          </reporter-output>
        </test-method> <!-- closeBrowser -->
      </class> <!-- linkedinn.Testng2 -->
      <class name="linkedinn.Testmynetwork">
        <test-method is-config="true" signature="openBroswer(java.lang.String)[pri:0, instance:linkedinn.Testmynetwork@130c12b7]" started-at="2022-09-29T07:59:52 GMT-07:00" name="openBroswer" finished-at="2022-09-29T08:00:08 GMT-07:00" duration-ms="15643" status="PASS">
          <params>
            <param index="0">
              <value>
                <![CDATA[Firefox]]>
              </value>
            </param>
          </params>
          <reporter-output>
          </reporter-output>
        </test-method> <!-- openBroswer -->
        <test-method is-config="true" signature="createPOMObjects()[pri:0, instance:linkedinn.Testmynetwork@130c12b7]" started-at="2022-09-29T08:00:14 GMT-07:00" name="createPOMObjects" finished-at="2022-09-29T08:00:14 GMT-07:00" duration-ms="2" status="PASS">
          <reporter-output>
          </reporter-output>
        </test-method> <!-- createPOMObjects -->
        <test-method is-config="true" signature="clickOnHomePage()[pri:0, instance:linkedinn.Testmynetwork@130c12b7]" started-at="2022-09-29T08:00:14 GMT-07:00" name="clickOnHomePage" finished-at="2022-09-29T08:00:25 GMT-07:00" duration-ms="11605" status="PASS">
          <reporter-output>
          </reporter-output>
        </test-method> <!-- clickOnHomePage -->
        <test-method signature="verifyConnectionPage()[pri:0, instance:linkedinn.Testmynetwork@130c12b7]" started-at="2022-09-29T08:00:25 GMT-07:00" name="verifyConnectionPage" finished-at="2022-09-29T08:00:33 GMT-07:00" duration-ms="7926" status="PASS">
          <reporter-output>
          </reporter-output>
        </test-method> <!-- verifyConnectionPage -->
        <test-method is-config="true" signature="logOut()[pri:0, instance:linkedinn.Testmynetwork@130c12b7]" started-at="2022-09-29T08:00:33 GMT-07:00" name="logOut" finished-at="2022-09-29T08:00:43 GMT-07:00" duration-ms="9721" status="PASS">
          <reporter-output>
          </reporter-output>
        </test-method> <!-- logOut -->
        <test-method is-config="true" signature="clickOnHomePage()[pri:0, instance:linkedinn.Testmynetwork@130c12b7]" started-at="2022-09-29T08:00:43 GMT-07:00" name="clickOnHomePage" finished-at="2022-09-29T08:00:52 GMT-07:00" duration-ms="8600" status="PASS">
          <reporter-output>
          </reporter-output>
        </test-method> <!-- clickOnHomePage -->
        <test-method signature="verifyContactPage()[pri:0, instance:linkedinn.Testmynetwork@130c12b7]" started-at="2022-09-29T08:00:52 GMT-07:00" name="verifyContactPage" finished-at="2022-09-29T08:01:00 GMT-07:00" duration-ms="8735" status="PASS">
          <reporter-output>
          </reporter-output>
        </test-method> <!-- verifyContactPage -->
        <test-method is-config="true" signature="logOut()[pri:0, instance:linkedinn.Testmynetwork@130c12b7]" started-at="2022-09-29T08:01:00 GMT-07:00" name="logOut" finished-at="2022-09-29T08:01:10 GMT-07:00" duration-ms="9618" status="PASS">
          <reporter-output>
          </reporter-output>
        </test-method> <!-- logOut -->
        <test-method is-config="true" signature="Nullobj()[pri:0, instance:linkedinn.Testmynetwork@130c12b7]" started-at="2022-09-29T08:01:10 GMT-07:00" name="Nullobj" finished-at="2022-09-29T08:01:10 GMT-07:00" duration-ms="0" status="PASS">
          <reporter-output>
          </reporter-output>
        </test-method> <!-- Nullobj -->
        <test-method is-config="true" signature="closeBrowser()[pri:0, instance:linkedinn.Testmynetwork@130c12b7]" started-at="2022-09-29T08:02:10 GMT-07:00" name="closeBrowser" finished-at="2022-09-29T08:02:11 GMT-07:00" duration-ms="1030" status="PASS">
          <reporter-output>
          </reporter-output>
        </test-method> <!-- closeBrowser -->
      </class> <!-- linkedinn.Testmynetwork -->
    </test> <!-- FirefoxTest -->
  </suite> <!-- Suite -->
</testng-results>
